<?xml version="1.0" encoding="UTF-8"?>
<testng-results skipped="0" failed="0" total="1" passed="1">
  <reporter-output>
  </reporter-output>
  <suite name="Default suite" duration-ms="31248" started-at="2019-03-16T06:38:08Z" finished-at="2019-03-16T06:38:39Z">
    <groups>
    </groups>
    <test name="Default test" duration-ms="31248" started-at="2019-03-16T06:38:08Z" finished-at="2019-03-16T06:38:39Z">
      <class name="com.POM.NewTours_Homepage_Automation">
        <test-method status="PASS" signature="setup()[pri:0, instance:com.POM.NewTours_Homepage_Automation@2cfb4a64]" name="setup" is-config="true" duration-ms="9910" started-at="2019-03-16T12:08:08Z" finished-at="2019-03-16T12:08:18Z">
          <reporter-output>
          </reporter-output>
        </test-method> <!-- setup -->
        <test-method status="PASS" signature="homepage()[pri:0, instance:com.POM.NewTours_Homepage_Automation@2cfb4a64]" name="homepage" duration-ms="21320" started-at="2019-03-16T12:08:18Z" finished-at="2019-03-16T12:08:39Z">
          <reporter-output>
          </reporter-output>
        </test-method> <!-- homepage -->
      </class> <!-- com.POM.NewTours_Homepage_Automation -->
    </test> <!-- Default test -->
  </suite> <!-- Default suite -->
</testng-results>
