<?xml version="1.0" encoding="UTF-8"?>
<!-- Generated by org.testng.reporters.JUnitXMLReporter -->
<testsuite hostname="DESKTOP-E0GVFHC" name="Orange HRM LogIn" tests="1" failures="1" timestamp="14 Mar 2019 01:23:28 GMT" time="0.916" errors="0">
  <testcase name="LogIn" time="0.886" classname="com.OHRM.TestScripts.LogInTest">
    <failure type="java.lang.NullPointerException">
      <![CDATA[java.lang.NullPointerException
	at com.ORHM.lib.LogInKeywords.navigate(LogInKeywords.java:14)
	at com.OHRM.TestScripts.LogInTest.LogIn(LogInTest.java:34)
... Removed 24 stack frames]]>
    </failure>
  </testcase> <!-- LogIn -->
</testsuite> <!-- Orange HRM LogIn -->
